Determining if the pthread_create exist failed with the following output:
Change Dir: /home/turtle/catkin_ws/build/CMakeFiles/CMakeTmp

Run Build Command:"/usr/bin/make" "cmTC_a6ebb/fast"
/usr/bin/make -f CMakeFiles/cmTC_a6ebb.dir/build.make CMakeFiles/cmTC_a6ebb.dir/build
make[1] : on entre dans le répertoire « /home/turtle/catkin_ws/build/CMakeFiles/CMakeTmp »
Building C object CMakeFiles/cmTC_a6ebb.dir/CheckSymbolExists.c.o
/usr/bin/cc     -o CMakeFiles/cmTC_a6ebb.dir/CheckSymbolExists.c.o   -c /home/turtle/catkin_ws/build/CMakeFiles/CMakeTmp/CheckSymbolExists.c
Linking C executable cmTC_a6ebb
/usr/bin/cmake -E cmake_link_script CMakeFiles/cmTC_a6ebb.dir/link.txt --verbose=1
/usr/bin/cc       CMakeFiles/cmTC_a6ebb.dir/CheckSymbolExists.c.o  -o cmTC_a6ebb -rdynamic 
CMakeFiles/cmTC_a6ebb.dir/CheckSymbolExists.c.o : Dans la fonction « main » :
CheckSymbolExists.c:(.text+0x16) : référence indéfinie vers « pthread_create »
collect2: error: ld returned 1 exit status
CMakeFiles/cmTC_a6ebb.dir/build.make:97 : la recette pour la cible « cmTC_a6ebb » a échouée
make[1]: *** [cmTC_a6ebb] Erreur 1
make[1] : on quitte le répertoire « /home/turtle/catkin_ws/build/CMakeFiles/CMakeTmp »
Makefile:126 : la recette pour la cible « cmTC_a6ebb/fast » a échouée
make: *** [cmTC_a6ebb/fast] Erreur 2

File /home/turtle/catkin_ws/build/CMakeFiles/CMakeTmp/CheckSymbolExists.c:
/* */
#include <pthread.h>

int main(int argc, char** argv)
{
  (void)argv;
#ifndef pthread_create
  return ((int*)(&pthread_create))[argc];
#else
  (void)argc;
  return 0;
#endif
}

Determining if the function pthread_create exists in the pthreads failed with the following output:
Change Dir: /home/turtle/catkin_ws/build/CMakeFiles/CMakeTmp

Run Build Command:"/usr/bin/make" "cmTC_11e2f/fast"
/usr/bin/make -f CMakeFiles/cmTC_11e2f.dir/build.make CMakeFiles/cmTC_11e2f.dir/build
make[1] : on entre dans le répertoire « /home/turtle/catkin_ws/build/CMakeFiles/CMakeTmp »
Building C object CMakeFiles/cmTC_11e2f.dir/CheckFunctionExists.c.o
/usr/bin/cc    -DCHECK_FUNCTION_EXISTS=pthread_create   -o CMakeFiles/cmTC_11e2f.dir/CheckFunctionExists.c.o   -c /usr/share/cmake-3.5/Modules/CheckFunctionExists.c
Linking C executable cmTC_11e2f
/usr/bin/cmake -E cmake_link_script CMakeFiles/cmTC_11e2f.dir/link.txt --verbose=1
/usr/bin/cc   -DCHECK_FUNCTION_EXISTS=pthread_create    CMakeFiles/cmTC_11e2f.dir/CheckFunctionExists.c.o  -o cmTC_11e2f -rdynamic -lpthreads 
/usr/bin/ld : ne peut trouver -lpthreads
collect2: error: ld returned 1 exit status
CMakeFiles/cmTC_11e2f.dir/build.make:97 : la recette pour la cible « cmTC_11e2f » a échouée
make[1]: *** [cmTC_11e2f] Erreur 1
make[1] : on quitte le répertoire « /home/turtle/catkin_ws/build/CMakeFiles/CMakeTmp »
Makefile:126 : la recette pour la cible « cmTC_11e2f/fast » a échouée
make: *** [cmTC_11e2f/fast] Erreur 2


